<?xml version="1.0" encoding="UTF-8"?>
<testsuite xmlns:xsi="http://www.w3.org/2001/XMLSchema-instance" xsi:noNamespaceSchemaLocation="https://maven.apache.org/surefire/maven-surefire-plugin/xsd/surefire-test-report.xsd" name="com.qa.labs.cucumberOption.testRunner" time="2.172" tests="7" errors="0" skipped="0" failures="0">
  <properties>
    <property name="sun.desktop" value="windows"/>
    <property name="awt.toolkit" value="sun.awt.windows.WToolkit"/>
    <property name="file.encoding.pkg" value="sun.io"/>
    <property name="java.specification.version" value="1.8"/>
    <property name="sun.cpu.isalist" value="amd64"/>
    <property name="sun.jnu.encoding" value="Cp1252"/>
    <property name="java.class.path" value="D:\Arjun Labs\APITutorial\target\test-classes;D:\Arjun Labs\APITutorial\target\classes;D:\Users\asingh6766\.m2\repository\io\rest-assured\rest-assured\4.3.0\rest-assured-4.3.0.jar;D:\Users\asingh6766\.m2\repository\org\codehaus\groovy\groovy\3.0.2\groovy-3.0.2.jar;D:\Users\asingh6766\.m2\repository\org\codehaus\groovy\groovy-xml\3.0.2\groovy-xml-3.0.2.jar;D:\Users\asingh6766\.m2\repository\org\apache\httpcomponents\httpclient\4.5.3\httpclient-4.5.3.jar;D:\Users\asingh6766\.m2\repository\org\apache\httpcomponents\httpcore\4.4.6\httpcore-4.4.6.jar;D:\Users\asingh6766\.m2\repository\commons-logging\commons-logging\1.2\commons-logging-1.2.jar;D:\Users\asingh6766\.m2\repository\commons-codec\commons-codec\1.9\commons-codec-1.9.jar;D:\Users\asingh6766\.m2\repository\org\apache\httpcomponents\httpmime\4.5.3\httpmime-4.5.3.jar;D:\Users\asingh6766\.m2\repository\org\hamcrest\hamcrest\2.1\hamcrest-2.1.jar;D:\Users\asingh6766\.m2\repository\org\ccil\cowan\tagsoup\tagsoup\1.2.1\tagsoup-1.2.1.jar;D:\Users\asingh6766\.m2\repository\io\rest-assured\json-path\4.3.0\json-path-4.3.0.jar;D:\Users\asingh6766\.m2\repository\org\codehaus\groovy\groovy-json\3.0.2\groovy-json-3.0.2.jar;D:\Users\asingh6766\.m2\repository\io\rest-assured\rest-assured-common\4.3.0\rest-assured-common-4.3.0.jar;D:\Users\asingh6766\.m2\repository\io\rest-assured\xml-path\4.3.0\xml-path-4.3.0.jar;D:\Users\asingh6766\.m2\repository\org\apache\commons\commons-lang3\3.4\commons-lang3-3.4.jar;D:\Users\asingh6766\.m2\repository\jakarta\xml\bind\jakarta.xml.bind-api\2.3.2\jakarta.xml.bind-api-2.3.2.jar;D:\Users\asingh6766\.m2\repository\jakarta\activation\jakarta.activation-api\1.2.1\jakarta.activation-api-1.2.1.jar;D:\Users\asingh6766\.m2\repository\com\sun\xml\bind\jaxb-osgi\2.3.0.1\jaxb-osgi-2.3.0.1.jar;D:\Users\asingh6766\.m2\repository\org\apache\sling\org.apache.sling.javax.activation\0.1.0\org.apache.sling.javax.activation-0.1.0.jar;D:\Users\asingh6766\.m2\repository\javax\activation\activation\1.1.1\activation-1.1.1.jar;D:\Users\asingh6766\.m2\repository\io\cucumber\cucumber-java\6.2.2\cucumber-java-6.2.2.jar;D:\Users\asingh6766\.m2\repository\org\apiguardian\apiguardian-api\1.1.0\apiguardian-api-1.1.0.jar;D:\Users\asingh6766\.m2\repository\io\cucumber\cucumber-junit\6.2.2\cucumber-junit-6.2.2.jar;D:\Users\asingh6766\.m2\repository\junit\junit\4.13\junit-4.13.jar;D:\Users\asingh6766\.m2\repository\org\hamcrest\hamcrest-core\1.3\hamcrest-core-1.3.jar;D:\Users\asingh6766\.m2\repository\io\cucumber\cucumber-core\6.2.2\cucumber-core-6.2.2.jar;D:\Users\asingh6766\.m2\repository\io\cucumber\cucumber-gherkin\6.2.2\cucumber-gherkin-6.2.2.jar;D:\Users\asingh6766\.m2\repository\io\cucumber\cucumber-gherkin-messages\6.2.2\cucumber-gherkin-messages-6.2.2.jar;D:\Users\asingh6766\.m2\repository\io\cucumber\messages\12.2.0\messages-12.2.0.jar;D:\Users\asingh6766\.m2\repository\io\cucumber\tag-expressions\3.0.0\tag-expressions-3.0.0.jar;D:\Users\asingh6766\.m2\repository\io\cucumber\cucumber-expressions\10.2.1\cucumber-expressions-10.2.1.jar;D:\Users\asingh6766\.m2\repository\io\cucumber\datatable\3.3.1\datatable-3.3.1.jar;D:\Users\asingh6766\.m2\repository\io\cucumber\cucumber-plugin\6.2.2\cucumber-plugin-6.2.2.jar;D:\Users\asingh6766\.m2\repository\io\cucumber\docstring\6.2.2\docstring-6.2.2.jar;D:\Users\asingh6766\.m2\repository\io\cucumber\html-formatter\7.0.0\html-formatter-7.0.0.jar;"/>
    <property name="java.vm.vendor" value="Oracle Corporation"/>
    <property name="sun.arch.data.model" value="64"/>
    <property name="user.variant" value=""/>
    <property name="java.vendor.url" value="http://java.oracle.com/"/>
    <property name="user.timezone" value="Asia/Calcutta"/>
    <property name="java.vm.specification.version" value="1.8"/>
    <property name="os.name" value="Windows 10"/>
    <property name="user.country" value="US"/>
    <property name="sun.java.launcher" value="SUN_STANDARD"/>
    <property name="sun.boot.library.path" value="C:\Program Files\Java\jdk1.8.0_144\jre\bin"/>
    <property name="sun.java.command" value="D:\Users\ASINGH~1\AppData\Local\Temp\surefire6712130913651187656\surefirebooter1292222207451536613.jar D:\Users\asingh6766\AppData\Local\Temp\surefire6712130913651187656 2020-07-25T22-20-22_363-jvmRun1 surefire3291008914158116338tmp surefire_08845693741579146925tmp"/>
    <property name="test" value="testRunner"/>
    <property name="surefire.test.class.path" value="D:\Arjun Labs\APITutorial\target\test-classes;D:\Arjun Labs\APITutorial\target\classes;D:\Users\asingh6766\.m2\repository\io\rest-assured\rest-assured\4.3.0\rest-assured-4.3.0.jar;D:\Users\asingh6766\.m2\repository\org\codehaus\groovy\groovy\3.0.2\groovy-3.0.2.jar;D:\Users\asingh6766\.m2\repository\org\codehaus\groovy\groovy-xml\3.0.2\groovy-xml-3.0.2.jar;D:\Users\asingh6766\.m2\repository\org\apache\httpcomponents\httpclient\4.5.3\httpclient-4.5.3.jar;D:\Users\asingh6766\.m2\repository\org\apache\httpcomponents\httpcore\4.4.6\httpcore-4.4.6.jar;D:\Users\asingh6766\.m2\repository\commons-logging\commons-logging\1.2\commons-logging-1.2.jar;D:\Users\asingh6766\.m2\repository\commons-codec\commons-codec\1.9\commons-codec-1.9.jar;D:\Users\asingh6766\.m2\repository\org\apache\httpcomponents\httpmime\4.5.3\httpmime-4.5.3.jar;D:\Users\asingh6766\.m2\repository\org\hamcrest\hamcrest\2.1\hamcrest-2.1.jar;D:\Users\asingh6766\.m2\repository\org\ccil\cowan\tagsoup\tagsoup\1.2.1\tagsoup-1.2.1.jar;D:\Users\asingh6766\.m2\repository\io\rest-assured\json-path\4.3.0\json-path-4.3.0.jar;D:\Users\asingh6766\.m2\repository\org\codehaus\groovy\groovy-json\3.0.2\groovy-json-3.0.2.jar;D:\Users\asingh6766\.m2\repository\io\rest-assured\rest-assured-common\4.3.0\rest-assured-common-4.3.0.jar;D:\Users\asingh6766\.m2\repository\io\rest-assured\xml-path\4.3.0\xml-path-4.3.0.jar;D:\Users\asingh6766\.m2\repository\org\apache\commons\commons-lang3\3.4\commons-lang3-3.4.jar;D:\Users\asingh6766\.m2\repository\jakarta\xml\bind\jakarta.xml.bind-api\2.3.2\jakarta.xml.bind-api-2.3.2.jar;D:\Users\asingh6766\.m2\repository\jakarta\activation\jakarta.activation-api\1.2.1\jakarta.activation-api-1.2.1.jar;D:\Users\asingh6766\.m2\repository\com\sun\xml\bind\jaxb-osgi\2.3.0.1\jaxb-osgi-2.3.0.1.jar;D:\Users\asingh6766\.m2\repository\org\apache\sling\org.apache.sling.javax.activation\0.1.0\org.apache.sling.javax.activation-0.1.0.jar;D:\Users\asingh6766\.m2\repository\javax\activation\activation\1.1.1\activation-1.1.1.jar;D:\Users\asingh6766\.m2\repository\io\cucumber\cucumber-java\6.2.2\cucumber-java-6.2.2.jar;D:\Users\asingh6766\.m2\repository\org\apiguardian\apiguardian-api\1.1.0\apiguardian-api-1.1.0.jar;D:\Users\asingh6766\.m2\repository\io\cucumber\cucumber-junit\6.2.2\cucumber-junit-6.2.2.jar;D:\Users\asingh6766\.m2\repository\junit\junit\4.13\junit-4.13.jar;D:\Users\asingh6766\.m2\repository\org\hamcrest\hamcrest-core\1.3\hamcrest-core-1.3.jar;D:\Users\asingh6766\.m2\repository\io\cucumber\cucumber-core\6.2.2\cucumber-core-6.2.2.jar;D:\Users\asingh6766\.m2\repository\io\cucumber\cucumber-gherkin\6.2.2\cucumber-gherkin-6.2.2.jar;D:\Users\asingh6766\.m2\repository\io\cucumber\cucumber-gherkin-messages\6.2.2\cucumber-gherkin-messages-6.2.2.jar;D:\Users\asingh6766\.m2\repository\io\cucumber\messages\12.2.0\messages-12.2.0.jar;D:\Users\asingh6766\.m2\repository\io\cucumber\tag-expressions\3.0.0\tag-expressions-3.0.0.jar;D:\Users\asingh6766\.m2\repository\io\cucumber\cucumber-expressions\10.2.1\cucumber-expressions-10.2.1.jar;D:\Users\asingh6766\.m2\repository\io\cucumber\datatable\3.3.1\datatable-3.3.1.jar;D:\Users\asingh6766\.m2\repository\io\cucumber\cucumber-plugin\6.2.2\cucumber-plugin-6.2.2.jar;D:\Users\asingh6766\.m2\repository\io\cucumber\docstring\6.2.2\docstring-6.2.2.jar;D:\Users\asingh6766\.m2\repository\io\cucumber\html-formatter\7.0.0\html-formatter-7.0.0.jar;"/>
    <property name="sun.cpu.endian" value="little"/>
    <property name="user.home" value="D:\Users\asingh6766"/>
    <property name="user.language" value="en"/>
    <property name="java.specification.vendor" value="Oracle Corporation"/>
    <property name="java.home" value="C:\Program Files\Java\jdk1.8.0_144\jre"/>
    <property name="basedir" value="D:\Arjun Labs\APITutorial"/>
    <property name="file.separator" value="\"/>
    <property name="line.separator" value="&#10;"/>
    <property name="java.vm.specification.vendor" value="Oracle Corporation"/>
    <property name="java.specification.name" value="Java Platform API Specification"/>
    <property name="java.awt.graphicsenv" value="sun.awt.Win32GraphicsEnvironment"/>
    <property name="surefire.real.class.path" value="D:\Users\ASINGH~1\AppData\Local\Temp\surefire6712130913651187656\surefirebooter1292222207451536613.jar"/>
    <property name="sun.boot.class.path" value="C:\Program Files\Java\jdk1.8.0_144\jre\lib\resources.jar;C:\Program Files\Java\jdk1.8.0_144\jre\lib\rt.jar;C:\Program Files\Java\jdk1.8.0_144\jre\lib\sunrsasign.jar;C:\Program Files\Java\jdk1.8.0_144\jre\lib\jsse.jar;C:\Program Files\Java\jdk1.8.0_144\jre\lib\jce.jar;C:\Program Files\Java\jdk1.8.0_144\jre\lib\charsets.jar;C:\Program Files\Java\jdk1.8.0_144\jre\lib\jfr.jar;C:\Program Files\Java\jdk1.8.0_144\jre\classes"/>
    <property name="user.script" value=""/>
    <property name="sun.management.compiler" value="HotSpot 64-Bit Tiered Compilers"/>
    <property name="java.runtime.version" value="1.8.0_144-b01"/>
    <property name="user.name" value="asingh6766"/>
    <property name="path.separator" value=";"/>
    <property name="os.version" value="10.0"/>
    <property name="java.endorsed.dirs" value="C:\Program Files\Java\jdk1.8.0_144\jre\lib\endorsed"/>
    <property name="java.runtime.name" value="Java(TM) SE Runtime Environment"/>
    <property name="file.encoding" value="Cp1252"/>
    <property name="java.vm.name" value="Java HotSpot(TM) 64-Bit Server VM"/>
    <property name="localRepository" value="D:\Users\asingh6766\.m2\repository"/>
    <property name="java.vendor.url.bug" value="http://bugreport.sun.com/bugreport/"/>
    <property name="java.io.tmpdir" value="D:\Users\ASINGH~1\AppData\Local\Temp\"/>
    <property name="java.version" value="1.8.0_144"/>
    <property name="user.dir" value="D:\Arjun Labs\APITutorial"/>
    <property name="os.arch" value="amd64"/>
    <property name="java.vm.specification.name" value="Java Virtual Machine Specification"/>
    <property name="java.awt.printerjob" value="sun.awt.windows.WPrinterJob"/>
    <property name="sun.os.patch.level" value=""/>
    <property name="java.library.path" value="C:\Program Files\Java\jdk1.8.0_144\jre\bin;C:\Windows\Sun\Java\bin;C:\Windows\system32;C:\Windows;C:\Python27\;C:\Python27\Scripts;C:\ProgramData\Oracle\Java\javapath;C:\Windows\system32;C:\Windows;C:\Windows\System32\Wbem;C:\Windows\System32\WindowsPowerShell\v1.0\;C:\Windows\System32\OpenSSH\;C:\Program Files\Intel\WiFi\bin\;C:\Program Files\Common Files\Intel\WirelessCommon\;C:\Program Files\PuTTY\;C:\Program Files\Java\jdk1.8.0_144\bin;C:\Program Files\apache-maven-3.6.2\bin;D:\Work_Soft\Gradle\gradle-6.1-bin\gradle-6.1\bin;C:\Program Files\nodejs\;C:\ProgramData\chocolatey\bin;D:\Users\asingh6766\AppData\Roaming\npm;D:\Users\asingh6766\AppData\Roaming\npm\node_modules;;C:\Program Files\Docker\Docker\resources\bin;C:\ProgramData\DockerDesktop\version-bin;D:\Users\asingh6766\scoop\shims;D:\Users\asingh6766\AppData\Local\Microsoft\WindowsApps;D:\Users\asingh6766\AppData\Local\Programs\Git\cmd;D:\Users\asingh6766\AppData\Local\Programs\Microsoft VS Code\bin;."/>
    <property name="java.vm.info" value="mixed mode"/>
    <property name="java.vendor" value="Oracle Corporation"/>
    <property name="java.vm.version" value="25.144-b01"/>
    <property name="java.ext.dirs" value="C:\Program Files\Java\jdk1.8.0_144\jre\lib\ext;C:\Windows\Sun\Java\lib\ext"/>
    <property name="sun.io.unicode.encoding" value="UnicodeLittle"/>
    <property name="java.class.version" value="52.0"/>
  </properties>
  <testcase name="Home Page default login with proper credentials" classname="application account functionality" time="0.321"/>
  <testcase name="Home Page with data parameterization #1" classname="application account functionality" time="0.121"/>
  <testcase name="Home Page with data parameterization #2" classname="application account functionality" time="0.108"/>
  <testcase name="Home Page default login with proper credentials" classname="application login functionality" time="0.107"/>
  <testcase name="Home Page with data parameterization #1" classname="application login functionality" time="0.092"/>
  <testcase name="Home Page with data parameterization #2" classname="application login functionality" time="0.096"/>
  <testcase name="Home Page default login with proper credentials for Regression" classname="application login functionality to check hooks #2" time="0.067"/>
</testsuite>